# JRE version: Java(TM) SE Runtime Environment (8.0_191-b12) (build 1.8.0_191-b12)
# Java VM: Java HotSpot(TM) 64-Bit Server VM (25.191-b12 mixed mode windows-amd64 compressed oops)
Heap:
 PSYoungGen      total 272896K, used 252153K [0x00000000d5f00000, 0x00000000e9880000, 0x0000000100000000)
  eden space 262144K, 92% used [0x00000000d5f00000,0x00000000e4ac1db8,0x00000000e5f00000)
  from space 10752K, 99% used [0x00000000e5f00000,0x00000000e697c7a0,0x00000000e6980000)
  to   space 16896K, 0% used [0x00000000e8800000,0x00000000e8800000,0x00000000e9880000)
 ParOldGen       total 94720K, used 23464K [0x0000000081c00000, 0x0000000087880000, 0x00000000d5f00000)
  object space 94720K, 24% used [0x0000000081c00000,0x00000000832ea2e0,0x0000000087880000)
 Metaspace       used 43650K, capacity 45974K, committed 46208K, reserved 1089536K
  class space    used 6026K, capacity 6429K, committed 6528K, reserved 1048576K
GC Heap History (10 events):
Event: 3.884 GC heap before
{Heap before GC invocations=7 (full 1):
 PSYoungGen      total 138240K, used 133120K [0x00000000d5f00000, 0x00000000e7900000, 0x0000000100000000)
  eden space 133120K, 100% used [0x00000000d5f00000,0x00000000de100000,0x00000000de100000)
  from space 5120K, 0% used [0x00000000de100000,0x00000000de100000,0x00000000de600000)
  to   space 11264K, 0% used [0x00000000e6e00000,0x00000000e6e00000,0x00000000e7900000)
 ParOldGen       total 58880K, used 10308K [0x0000000081c00000, 0x0000000085580000, 0x00000000d5f00000)
  object space 58880K, 17% used [0x0000000081c00000,0x0000000082611368,0x0000000085580000)
 Metaspace       used 25675K, capacity 26666K, committed 26880K, reserved 1073152K
  class space    used 3466K, capacity 3717K, committed 3840K, reserved 1048576K
Event: 3.889 GC heap after
Heap after GC invocations=7 (full 1):
 PSYoungGen      total 229376K, used 6052K [0x00000000d5f00000, 0x00000000e7400000, 0x0000000100000000)
  eden space 223232K, 0% used [0x00000000d5f00000,0x00000000d5f00000,0x00000000e3900000)
  from space 6144K, 98% used [0x00000000e6e00000,0x00000000e73e9288,0x00000000e7400000)
  to   space 10752K, 0% used [0x00000000e5f00000,0x00000000e5f00000,0x00000000e6980000)
 ParOldGen       total 58880K, used 10316K [0x0000000081c00000, 0x0000000085580000, 0x00000000d5f00000)
  object space 58880K, 17% used [0x0000000081c00000,0x0000000082613368,0x0000000085580000)
 Metaspace       used 25675K, capacity 26666K, committed 26880K, reserved 1073152K
  class space    used 3466K, capacity 3717K, committed 3840K, reserved 1048576K
}
Event: 5.078 GC heap before
{Heap before GC invocations=8 (full 1):
 PSYoungGen      total 229376K, used 229284K [0x00000000d5f00000, 0x00000000e7400000, 0x0000000100000000)
  eden space 223232K, 100% used [0x00000000d5f00000,0x00000000e3900000,0x00000000e3900000)
  from space 6144K, 98% used [0x00000000e6e00000,0x00000000e73e9288,0x00000000e7400000)
  to   space 10752K, 0% used [0x00000000e5f00000,0x00000000e5f00000,0x00000000e6980000)
 ParOldGen       total 58880K, used 10316K [0x0000000081c00000, 0x0000000085580000, 0x00000000d5f00000)
  object space 58880K, 17% used [0x0000000081c00000,0x0000000082613368,0x0000000085580000)
 Metaspace       used 30315K, capacity 31610K, committed 31872K, reserved 1077248K
  class space    used 4145K, capacity 4435K, committed 4480K, reserved 1048576K
Event: 5.092 GC heap after
Heap after GC invocations=8 (full 1):
 PSYoungGen      total 233984K, used 10751K [0x00000000d5f00000, 0x00000000e7400000, 0x0000000100000000)
  eden space 223232K, 0% used [0x00000000d5f00000,0x00000000d5f00000,0x00000000e3900000)
  from space 10752K, 99% used [0x00000000e5f00000,0x00000000e697ff08,0x00000000e6980000)
  to   space 6144K, 0% used [0x00000000e6e00000,0x00000000e6e00000,0x00000000e7400000)
 ParOldGen       total 58880K, used 15253K [0x0000000081c00000, 0x0000000085580000, 0x00000000d5f00000)
  object space 58880K, 25% used [0x0000000081c00000,0x0000000082ae5440,0x0000000085580000)
 Metaspace       used 30315K, capacity 31610K, committed 31872K, reserved 1077248K
  class space    used 4145K, capacity 4435K, committed 4480K, reserved 1048576K
}
Event: 5.717 GC heap before
{Heap before GC invocations=9 (full 1):
 PSYoungGen      total 233984K, used 209722K [0x00000000d5f00000, 0x00000000e7400000, 0x0000000100000000)
  eden space 223232K, 89% used [0x00000000d5f00000,0x00000000e214ece8,0x00000000e3900000)
  from space 10752K, 99% used [0x00000000e5f00000,0x00000000e697ff08,0x00000000e6980000)
  to   space 6144K, 0% used [0x00000000e6e00000,0x00000000e6e00000,0x00000000e7400000)
 ParOldGen       total 58880K, used 15253K [0x0000000081c00000, 0x0000000085580000, 0x00000000d5f00000)
  object space 58880K, 25% used [0x0000000081c00000,0x0000000082ae5440,0x0000000085580000)
 Metaspace       used 33703K, capacity 35280K, committed 35456K, reserved 1079296K
  class space    used 4567K, capacity 4884K, committed 4992K, reserved 1048576K
Event: 5.737 GC heap after
Heap after GC invocations=9 (full 1):
 PSYoungGen      total 229376K, used 6112K [0x00000000d5f00000, 0x00000000e7400000, 0x0000000100000000)
  eden space 223232K, 0% used [0x00000000d5f00000,0x00000000d5f00000,0x00000000e3900000)
  from space 6144K, 99% used [0x00000000e6e00000,0x00000000e73f8098,0x00000000e7400000)
  to   space 10752K, 0% used [0x00000000e5f00000,0x00000000e5f00000,0x00000000e6980000)
 ParOldGen       total 58880K, used 23776K [0x0000000081c00000, 0x0000000085580000, 0x00000000d5f00000)
  object space 58880K, 40% used [0x0000000081c00000,0x00000000833382f8,0x0000000085580000)
 Metaspace       used 33703K, capacity 35280K, committed 35456K, reserved 1079296K
  class space    used 4567K, capacity 4884K, committed 4992K, reserved 1048576K
}
Event: 5.737 GC heap before
{Heap before GC invocations=10 (full 2):
 PSYoungGen      total 229376K, used 6112K [0x00000000d5f00000, 0x00000000e7400000, 0x0000000100000000)
  eden space 223232K, 0% used [0x00000000d5f00000,0x00000000d5f00000,0x00000000e3900000)
  from space 6144K, 99% used [0x00000000e6e00000,0x00000000e73f8098,0x00000000e7400000)
  to   space 10752K, 0% used [0x00000000e5f00000,0x00000000e5f00000,0x00000000e6980000)
 ParOldGen       total 58880K, used 23776K [0x0000000081c00000, 0x0000000085580000, 0x00000000d5f00000)
  object space 58880K, 40% used [0x0000000081c00000,0x00000000833382f8,0x0000000085580000)
 Metaspace       used 33703K, capacity 35280K, committed 35456K, reserved 1079296K
  class space    used 4567K, capacity 4884K, committed 4992K, reserved 1048576K
Event: 5.822 GC heap after
Heap after GC invocations=10 (full 2):
 PSYoungGen      total 229376K, used 0K [0x00000000d5f00000, 0x00000000e7400000, 0x0000000100000000)
  eden space 223232K, 0% used [0x00000000d5f00000,0x00000000d5f00000,0x00000000e3900000)
  from space 6144K, 0% used [0x00000000e6e00000,0x00000000e6e00000,0x00000000e7400000)
  to   space 10752K, 0% used [0x00000000e5f00000,0x00000000e5f00000,0x00000000e6980000)
 ParOldGen       total 94720K, used 23283K [0x0000000081c00000, 0x0000000087880000, 0x00000000d5f00000)
  object space 94720K, 24% used [0x0000000081c00000,0x00000000832bce90,0x0000000087880000)
 Metaspace       used 33703K, capacity 35280K, committed 35456K, reserved 1079296K
  class space    used 4567K, capacity 4884K, committed 4992K, reserved 1048576K
}
Event: 8.191 GC heap before
{Heap before GC invocations=11 (full 2):
 PSYoungGen      total 229376K, used 223232K [0x00000000d5f00000, 0x00000000e7400000, 0x0000000100000000)
  eden space 223232K, 100% used [0x00000000d5f00000,0x00000000e3900000,0x00000000e3900000)
  from space 6144K, 0% used [0x00000000e6e00000,0x00000000e6e00000,0x00000000e7400000)
  to   space 10752K, 0% used [0x00000000e5f00000,0x00000000e5f00000,0x00000000e6980000)
 ParOldGen       total 94720K, used 23283K [0x0000000081c00000, 0x0000000087880000, 0x00000000d5f00000)
  object space 94720K, 24% used [0x0000000081c00000,0x00000000832bce90,0x0000000087880000)
 Metaspace       used 40477K, capacity 42624K, committed 42880K, reserved 1085440K
  class space    used 5572K, capacity 5954K, committed 6016K, reserved 1048576K
Event: 8.201 GC heap after
Heap after GC invocations=11 (full 2):
 PSYoungGen      total 272896K, used 10737K [0x00000000d5f00000, 0x00000000e9880000, 0x0000000100000000)
  eden space 262144K, 0% used [0x00000000d5f00000,0x00000000d5f00000,0x00000000e5f00000)
  from space 10752K, 99% used [0x00000000e5f00000,0x00000000e697c7a0,0x00000000e6980000)
  to   space 16896K, 0% used [0x00000000e8800000,0x00000000e8800000,0x00000000e9880000)
 ParOldGen       total 94720K, used 23464K [0x0000000081c00000, 0x0000000087880000, 0x00000000d5f00000)
  object space 94720K, 24% used [0x0000000081c00000,0x00000000832ea2e0,0x0000000087880000)
 Metaspace       used 40477K, capacity 42624K, committed 42880K, reserved 1085440K
  class space    used 5572K, capacity 5954K, committed 6016K, reserved 1048576K
}

